Copyright 1986-2020 Xilinx, Inc. All Rights Reserved.
------------------------------------------------------------------------------------------------------------------------------------
| Tool Version : Vivado v.2020.2 (lin64) Build 3064766 Wed Nov 18 09:12:47 MST 2020
| Date         : Tue Nov  9 02:10:32 2021
| Host         : Aaron-Linux running 64-bit Ubuntu 20.04.3 LTS
| Command      : report_drc -file vga_controller_drc_routed.rpt -pb vga_controller_drc_routed.pb -rpx vga_controller_drc_routed.rpx
| Design       : vga_controller
| Device       : xc7z020clg400-1
| Speed File   : -1
| Design State : Fully Routed
------------------------------------------------------------------------------------------------------------------------------------

Report DRC

Table of Contents
-----------------
1. REPORT SUMMARY
2. REPORT DETAILS

1. REPORT SUMMARY
-----------------
            Netlist: netlist
          Floorplan: design_1
      Design limits: <entire design considered>
           Ruledeck: default
             Max violations: <unlimited>
             Violations found: 4
+----------+----------+--------------------+------------+
| Rule     | Severity | Description        | Violations |
+----------+----------+--------------------+------------+
| PDRC-153 | Warning  | Gated clock check  | 3          |
| ZPS7-1   | Warning  | PS7 block required | 1          |
+----------+----------+--------------------+------------+

2. REPORT DETAILS
-----------------
PDRC-153#1 Warning
Gated clock check  
Net vga_blue_reg[3]_i_2_n_0 is a gated clock net sourced by a combinational pin vga_blue_reg[3]_i_2/O, cell vga_blue_reg[3]_i_2. This is not good design practice and will likely impact performance. For SLICE registers, for example, use the CE pin to control the loading of data.
Related violations: <none>

PDRC-153#2 Warning
Gated clock check  
Net vga_green_reg[3]_i_2_n_0 is a gated clock net sourced by a combinational pin vga_green_reg[3]_i_2/O, cell vga_green_reg[3]_i_2. This is not good design practice and will likely impact performance. For SLICE registers, for example, use the CE pin to control the loading of data.
Related violations: <none>

PDRC-153#3 Warning
Gated clock check  
Net vga_red_reg[3]_i_2_n_0 is a gated clock net sourced by a combinational pin vga_red_reg[3]_i_2/O, cell vga_red_reg[3]_i_2. This is not good design practice and will likely impact performance. For SLICE registers, for example, use the CE pin to control the loading of data.
Related violations: <none>

ZPS7-1#1 Warning
PS7 block required  
The PS7 cell must be used in this Zynq design in order to enable correct default configuration.
Related violations: <none>


