Vivado Simulator 2020.2
Copyright 1986-1999, 2001-2020 Xilinx, Inc. All Rights Reserved.
Running: /opt/Xilinx/Vivado/2020.2/bin/unwrapped/lnx64.o/xelab -wto 3cce6d4ad95443a8ad3224579f05fce1 --incr --debug typical --relax --mt 8 -L xil_defaultlib -L secureip --snapshot tb_uart_top_controller_behav xil_defaultlib.tb_uart_top_controller -log elaborate.log 
Using 8 slave threads.
Starting static elaboration
Completed static elaboration
Starting simulation data flow analysis
Completed simulation data flow analysis
Time Resolution for simulation is 1ps
Compiling package std.standard
Compiling package std.textio
Compiling package ieee.std_logic_1164
Compiling package ieee.numeric_std
Compiling package ieee.std_logic_arith
Compiling package ieee.std_logic_unsigned
Compiling architecture behavioral of entity xil_defaultlib.uart_rx [uart_rx_default]
Compiling architecture behavioral of entity xil_defaultlib.uart_tx [uart_tx_default]
Compiling architecture behavioral of entity xil_defaultlib.uart_top_controller [uart_top_controller_default]
Compiling architecture behavioral of entity xil_defaultlib.tb_uart_top_controller
Built simulation snapshot tb_uart_top_controller_behav
