
*** Running vivado
    with args -log telemetry_bot_processing_system7_0_0.vds -m64 -product Vivado -mode batch -messageDb vivado.pb -notrace -source telemetry_bot_processing_system7_0_0.tcl


****** Vivado v2020.2 (64-bit)
  **** SW Build 3064766 on Wed Nov 18 09:12:47 MST 2020
  **** IP Build 3064653 on Wed Nov 18 14:17:31 MST 2020
    ** Copyright 1986-2020 Xilinx, Inc. All Rights Reserved.

source telemetry_bot_processing_system7_0_0.tcl -notrace
Command: synth_design -top telemetry_bot_processing_system7_0_0 -part xc7z020clg400-1 -mode out_of_context
Starting synth_design
Attempting to get a license for feature 'Synthesis' and/or device 'xc7z020'
INFO: [Common 17-349] Got license for feature 'Synthesis' and/or device 'xc7z020'
INFO: [Device 21-403] Loading part xc7z020clg400-1
INFO: [Synth 8-7079] Multithreading enabled for synth_design using a maximum of 4 processes.
INFO: [Synth 8-7078] Launching helper process for spawning children vivado processes
INFO: [Synth 8-7075] Helper process launched with PID 798222
---------------------------------------------------------------------------------
Starting RTL Elaboration : Time (s): cpu = 00:00:02 ; elapsed = 00:00:02 . Memory (MB): peak = 2387.273 ; gain = 0.000 ; free physical = 13874 ; free virtual = 26143
---------------------------------------------------------------------------------
INFO: [Synth 8-6157] synthesizing module 'telemetry_bot_processing_system7_0_0' [/home/aaronnanas/vivado_projects/ece524_final_proj/telemetry_bot_top/telemetry_bot_top.gen/sources_1/bd/telemetry_bot/ip/telemetry_bot_processing_system7_0_0/synth/telemetry_bot_processing_system7_0_0.v:60]
INFO: [Synth 8-6157] synthesizing module 'processing_system7_v5_5_processing_system7' [/home/aaronnanas/vivado_projects/ece524_final_proj/telemetry_bot_top/telemetry_bot_top.gen/sources_1/bd/telemetry_bot/ip/telemetry_bot_processing_system7_0_0/hdl/verilog/processing_system7_v5_5_processing_system7.v:161]
	Parameter C_USE_DEFAULT_ACP_USER_VAL bound to: 0 - type: integer 
	Parameter C_S_AXI_ACP_ARUSER_VAL bound to: 31 - type: integer 
	Parameter C_S_AXI_ACP_AWUSER_VAL bound to: 31 - type: integer 
	Parameter C_M_AXI_GP0_THREAD_ID_WIDTH bound to: 12 - type: integer 
	Parameter C_M_AXI_GP1_THREAD_ID_WIDTH bound to: 12 - type: integer 
	Parameter C_M_AXI_GP0_ENABLE_STATIC_REMAP bound to: 0 - type: integer 
	Parameter C_M_AXI_GP1_ENABLE_STATIC_REMAP bound to: 0 - type: integer 
	Parameter C_M_AXI_GP0_ID_WIDTH bound to: 12 - type: integer 
	Parameter C_M_AXI_GP1_ID_WIDTH bound to: 12 - type: integer 
	Parameter C_S_AXI_GP0_ID_WIDTH bound to: 6 - type: integer 
	Parameter C_S_AXI_GP1_ID_WIDTH bound to: 6 - type: integer 
	Parameter C_S_AXI_HP0_ID_WIDTH bound to: 6 - type: integer 
	Parameter C_S_AXI_HP1_ID_WIDTH bound to: 6 - type: integer 
	Parameter C_S_AXI_HP2_ID_WIDTH bound to: 6 - type: integer 
	Parameter C_S_AXI_HP3_ID_WIDTH bound to: 6 - type: integer 
	Parameter C_S_AXI_ACP_ID_WIDTH bound to: 3 - type: integer 
	Parameter C_S_AXI_HP0_DATA_WIDTH bound to: 64 - type: integer 
	Parameter C_S_AXI_HP1_DATA_WIDTH bound to: 64 - type: integer 
	Parameter C_S_AXI_HP2_DATA_WIDTH bound to: 64 - type: integer 
	Parameter C_S_AXI_HP3_DATA_WIDTH bound to: 64 - type: integer 
	Parameter C_INCLUDE_ACP_TRANS_CHECK bound to: 0 - type: integer 
	Parameter C_NUM_F2P_INTR_INPUTS bound to: 1 - type: integer 
	Parameter C_FCLK_CLK0_BUF bound to: TRUE - type: string 
	Parameter C_FCLK_CLK1_BUF bound to: FALSE - type: string 
	Parameter C_FCLK_CLK2_BUF bound to: FALSE - type: string 
	Parameter C_FCLK_CLK3_BUF bound to: FALSE - type: string 
	Parameter C_EMIO_GPIO_WIDTH bound to: 64 - type: integer 
	Parameter C_INCLUDE_TRACE_BUFFER bound to: 0 - type: integer 
	Parameter C_TRACE_BUFFER_FIFO_SIZE bound to: 128 - type: integer 
	Parameter C_TRACE_BUFFER_CLOCK_DELAY bound to: 12 - type: integer 
	Parameter USE_TRACE_DATA_EDGE_DETECTOR bound to: 0 - type: integer 
	Parameter C_TRACE_PIPELINE_WIDTH bound to: 8 - type: integer 
	Parameter C_PS7_SI_REV bound to: PRODUCTION - type: string 
	Parameter C_EN_EMIO_ENET0 bound to: 0 - type: integer 
	Parameter C_EN_EMIO_ENET1 bound to: 0 - type: integer 
	Parameter C_EN_EMIO_TRACE bound to: 0 - type: integer 
	Parameter C_DQ_WIDTH bound to: 32 - type: integer 
	Parameter C_DQS_WIDTH bound to: 4 - type: integer 
	Parameter C_DM_WIDTH bound to: 4 - type: integer 
	Parameter C_MIO_PRIMITIVE bound to: 54 - type: integer 
	Parameter C_PACKAGE_NAME bound to: clg400 - type: string 
	Parameter C_IRQ_F2P_MODE bound to: DIRECT - type: string 
	Parameter C_TRACE_INTERNAL_WIDTH bound to: 2 - type: integer 
	Parameter C_EN_EMIO_PJTAG bound to: 0 - type: integer 
	Parameter C_USE_AXI_NONSECURE bound to: 0 - type: integer 
	Parameter C_USE_S_AXI_HP0 bound to: 0 - type: integer 
	Parameter C_USE_S_AXI_HP1 bound to: 0 - type: integer 
	Parameter C_USE_S_AXI_HP2 bound to: 0 - type: integer 
	Parameter C_USE_S_AXI_HP3 bound to: 0 - type: integer 
	Parameter C_USE_M_AXI_GP0 bound to: 1 - type: integer 
	Parameter C_USE_M_AXI_GP1 bound to: 0 - type: integer 
	Parameter C_USE_S_AXI_GP0 bound to: 0 - type: integer 
	Parameter C_USE_S_AXI_GP1 bound to: 0 - type: integer 
	Parameter C_USE_S_AXI_ACP bound to: 0 - type: integer 
	Parameter C_GP0_EN_MODIFIABLE_TXN bound to: 1 - type: integer 
	Parameter C_GP1_EN_MODIFIABLE_TXN bound to: 1 - type: integer 
INFO: [Synth 8-6157] synthesizing module 'BUFG' [/opt/Xilinx/Vivado/2020.2/scripts/rt/data/unisim_comp.v:1083]
INFO: [Synth 8-6155] done synthesizing module 'BUFG' (1#1) [/opt/Xilinx/Vivado/2020.2/scripts/rt/data/unisim_comp.v:1083]
INFO: [Synth 8-6157] synthesizing module 'BIBUF' [/opt/Xilinx/Vivado/2020.2/scripts/rt/data/unisim_comp.v:730]
INFO: [Synth 8-6155] done synthesizing module 'BIBUF' (2#1) [/opt/Xilinx/Vivado/2020.2/scripts/rt/data/unisim_comp.v:730]
INFO: [Synth 8-6157] synthesizing module 'PS7' [/opt/Xilinx/Vivado/2020.2/scripts/rt/data/unisim_comp.v:62034]
INFO: [Synth 8-6155] done synthesizing module 'PS7' (3#1) [/opt/Xilinx/Vivado/2020.2/scripts/rt/data/unisim_comp.v:62034]
INFO: [Synth 8-6155] done synthesizing module 'processing_system7_v5_5_processing_system7' (4#1) [/home/aaronnanas/vivado_projects/ece524_final_proj/telemetry_bot_top/telemetry_bot_top.gen/sources_1/bd/telemetry_bot/ip/telemetry_bot_processing_system7_0_0/hdl/verilog/processing_system7_v5_5_processing_system7.v:161]
WARNING: [Synth 8-7071] port 'M_AXI_GP0_ARESETN' of module 'processing_system7_v5_5_processing_system7' is unconnected for instance 'inst' [/home/aaronnanas/vivado_projects/ece524_final_proj/telemetry_bot_top/telemetry_bot_top.gen/sources_1/bd/telemetry_bot/ip/telemetry_bot_processing_system7_0_0/synth/telemetry_bot_processing_system7_0_0.v:314]
WARNING: [Synth 8-7071] port 'M_AXI_GP1_ARESETN' of module 'processing_system7_v5_5_processing_system7' is unconnected for instance 'inst' [/home/aaronnanas/vivado_projects/ece524_final_proj/telemetry_bot_top/telemetry_bot_top.gen/sources_1/bd/telemetry_bot/ip/telemetry_bot_processing_system7_0_0/synth/telemetry_bot_processing_system7_0_0.v:314]
WARNING: [Synth 8-7071] port 'S_AXI_GP0_ARESETN' of module 'processing_system7_v5_5_processing_system7' is unconnected for instance 'inst' [/home/aaronnanas/vivado_projects/ece524_final_proj/telemetry_bot_top/telemetry_bot_top.gen/sources_1/bd/telemetry_bot/ip/telemetry_bot_processing_system7_0_0/synth/telemetry_bot_processing_system7_0_0.v:314]
WARNING: [Synth 8-7071] port 'S_AXI_GP1_ARESETN' of module 'processing_system7_v5_5_processing_system7' is unconnected for instance 'inst' [/home/aaronnanas/vivado_projects/ece524_final_proj/telemetry_bot_top/telemetry_bot_top.gen/sources_1/bd/telemetry_bot/ip/telemetry_bot_processing_system7_0_0/synth/telemetry_bot_processing_system7_0_0.v:314]
WARNING: [Synth 8-7071] port 'S_AXI_ACP_ARESETN' of module 'processing_system7_v5_5_processing_system7' is unconnected for instance 'inst' [/home/aaronnanas/vivado_projects/ece524_final_proj/telemetry_bot_top/telemetry_bot_top.gen/sources_1/bd/telemetry_bot/ip/telemetry_bot_processing_system7_0_0/synth/telemetry_bot_processing_system7_0_0.v:314]
WARNING: [Synth 8-7071] port 'S_AXI_HP0_ARESETN' of module 'processing_system7_v5_5_processing_system7' is unconnected for instance 'inst' [/home/aaronnanas/vivado_projects/ece524_final_proj/telemetry_bot_top/telemetry_bot_top.gen/sources_1/bd/telemetry_bot/ip/telemetry_bot_processing_system7_0_0/synth/telemetry_bot_processing_system7_0_0.v:314]
WARNING: [Synth 8-7071] port 'S_AXI_HP1_ARESETN' of module 'processing_system7_v5_5_processing_system7' is unconnected for instance 'inst' [/home/aaronnanas/vivado_projects/ece524_final_proj/telemetry_bot_top/telemetry_bot_top.gen/sources_1/bd/telemetry_bot/ip/telemetry_bot_processing_system7_0_0/synth/telemetry_bot_processing_system7_0_0.v:314]
WARNING: [Synth 8-7071] port 'S_AXI_HP2_ARESETN' of module 'processing_system7_v5_5_processing_system7' is unconnected for instance 'inst' [/home/aaronnanas/vivado_projects/ece524_final_proj/telemetry_bot_top/telemetry_bot_top.gen/sources_1/bd/telemetry_bot/ip/telemetry_bot_processing_system7_0_0/synth/telemetry_bot_processing_system7_0_0.v:314]
WARNING: [Synth 8-7071] port 'S_AXI_HP3_ARESETN' of module 'processing_system7_v5_5_processing_system7' is unconnected for instance 'inst' [/home/aaronnanas/vivado_projects/ece524_final_proj/telemetry_bot_top/telemetry_bot_top.gen/sources_1/bd/telemetry_bot/ip/telemetry_bot_processing_system7_0_0/synth/telemetry_bot_processing_system7_0_0.v:314]
WARNING: [Synth 8-7071] port 'DMA0_RSTN' of module 'processing_system7_v5_5_processing_system7' is unconnected for instance 'inst' [/home/aaronnanas/vivado_projects/ece524_final_proj/telemetry_bot_top/telemetry_bot_top.gen/sources_1/bd/telemetry_bot/ip/telemetry_bot_processing_system7_0_0/synth/telemetry_bot_processing_system7_0_0.v:314]
WARNING: [Synth 8-7071] port 'DMA1_RSTN' of module 'processing_system7_v5_5_processing_system7' is unconnected for instance 'inst' [/home/aaronnanas/vivado_projects/ece524_final_proj/telemetry_bot_top/telemetry_bot_top.gen/sources_1/bd/telemetry_bot/ip/telemetry_bot_processing_system7_0_0/synth/telemetry_bot_processing_system7_0_0.v:314]
WARNING: [Synth 8-7071] port 'DMA2_RSTN' of module 'processing_system7_v5_5_processing_system7' is unconnected for instance 'inst' [/home/aaronnanas/vivado_projects/ece524_final_proj/telemetry_bot_top/telemetry_bot_top.gen/sources_1/bd/telemetry_bot/ip/telemetry_bot_processing_system7_0_0/synth/telemetry_bot_processing_system7_0_0.v:314]
WARNING: [Synth 8-7071] port 'DMA3_RSTN' of module 'processing_system7_v5_5_processing_system7' is unconnected for instance 'inst' [/home/aaronnanas/vivado_projects/ece524_final_proj/telemetry_bot_top/telemetry_bot_top.gen/sources_1/bd/telemetry_bot/ip/telemetry_bot_processing_system7_0_0/synth/telemetry_bot_processing_system7_0_0.v:314]
WARNING: [Synth 8-7023] instance 'inst' of module 'processing_system7_v5_5_processing_system7' has 685 connections declared, but only 672 given [/home/aaronnanas/vivado_projects/ece524_final_proj/telemetry_bot_top/telemetry_bot_top.gen/sources_1/bd/telemetry_bot/ip/telemetry_bot_processing_system7_0_0/synth/telemetry_bot_processing_system7_0_0.v:314]
INFO: [Synth 8-6155] done synthesizing module 'telemetry_bot_processing_system7_0_0' (5#1) [/home/aaronnanas/vivado_projects/ece524_final_proj/telemetry_bot_top/telemetry_bot_top.gen/sources_1/bd/telemetry_bot/ip/telemetry_bot_processing_system7_0_0/synth/telemetry_bot_processing_system7_0_0.v:60]
---------------------------------------------------------------------------------
Finished RTL Elaboration : Time (s): cpu = 00:00:03 ; elapsed = 00:00:03 . Memory (MB): peak = 2395.152 ; gain = 7.879 ; free physical = 13807 ; free virtual = 26082
---------------------------------------------------------------------------------
---------------------------------------------------------------------------------
Start Handling Custom Attributes
---------------------------------------------------------------------------------
---------------------------------------------------------------------------------
Finished Handling Custom Attributes : Time (s): cpu = 00:00:03 ; elapsed = 00:00:04 . Memory (MB): peak = 2412.996 ; gain = 25.723 ; free physical = 14498 ; free virtual = 26774
---------------------------------------------------------------------------------
---------------------------------------------------------------------------------
Finished RTL Optimization Phase 1 : Time (s): cpu = 00:00:03 ; elapsed = 00:00:04 . Memory (MB): peak = 2412.996 ; gain = 25.723 ; free physical = 14498 ; free virtual = 26774
---------------------------------------------------------------------------------
Netlist sorting complete. Time (s): cpu = 00:00:00.01 ; elapsed = 00:00:00 . Memory (MB): peak = 2424.902 ; gain = 0.000 ; free physical = 14501 ; free virtual = 26777
INFO: [Project 1-570] Preparing netlist for logic optimization

Processing XDC Constraints
Initializing timing engine
Parsing XDC File [/home/aaronnanas/vivado_projects/ece524_final_proj/telemetry_bot_top/telemetry_bot_top.gen/sources_1/bd/telemetry_bot/ip/telemetry_bot_processing_system7_0_0/telemetry_bot_processing_system7_0_0.xdc] for cell 'inst'
Finished Parsing XDC File [/home/aaronnanas/vivado_projects/ece524_final_proj/telemetry_bot_top/telemetry_bot_top.gen/sources_1/bd/telemetry_bot/ip/telemetry_bot_processing_system7_0_0/telemetry_bot_processing_system7_0_0.xdc] for cell 'inst'
INFO: [Project 1-236] Implementation specific constraints were found while reading constraint file [/home/aaronnanas/vivado_projects/ece524_final_proj/telemetry_bot_top/telemetry_bot_top.gen/sources_1/bd/telemetry_bot/ip/telemetry_bot_processing_system7_0_0/telemetry_bot_processing_system7_0_0.xdc]. These constraints will be ignored for synthesis but will be used in implementation. Impacted constraints are listed in the file [.Xil/telemetry_bot_processing_system7_0_0_propImpl.xdc].
Resolution: To avoid this warning, move constraints listed in [.Xil/telemetry_bot_processing_system7_0_0_propImpl.xdc] to another XDC file and exclude this new file from synthesis with the used_in_synthesis property (File Properties dialog in GUI) and re-run elaboration/synthesis.
Parsing XDC File [/home/aaronnanas/vivado_projects/ece524_final_proj/telemetry_bot_top/telemetry_bot_top.runs/telemetry_bot_processing_system7_0_0_synth_1/dont_touch.xdc]
Finished Parsing XDC File [/home/aaronnanas/vivado_projects/ece524_final_proj/telemetry_bot_top/telemetry_bot_top.runs/telemetry_bot_processing_system7_0_0_synth_1/dont_touch.xdc]
Completed Processing XDC Constraints

Netlist sorting complete. Time (s): cpu = 00:00:00 ; elapsed = 00:00:00 . Memory (MB): peak = 2502.809 ; gain = 0.000 ; free physical = 14370 ; free virtual = 26644
INFO: [Project 1-111] Unisim Transformation Summary:
No Unisim elements were transformed.

Constraint Validation Runtime : Time (s): cpu = 00:00:00.02 ; elapsed = 00:00:00.02 . Memory (MB): peak = 2505.777 ; gain = 2.969 ; free physical = 14369 ; free virtual = 26643
---------------------------------------------------------------------------------
Finished Constraint Validation : Time (s): cpu = 00:00:07 ; elapsed = 00:00:08 . Memory (MB): peak = 2505.777 ; gain = 118.504 ; free physical = 14368 ; free virtual = 26651
---------------------------------------------------------------------------------
---------------------------------------------------------------------------------
Start Loading Part and Timing Information
---------------------------------------------------------------------------------
Loading part: xc7z020clg400-1
---------------------------------------------------------------------------------
Finished Loading Part and Timing Information : Time (s): cpu = 00:00:07 ; elapsed = 00:00:08 . Memory (MB): peak = 2505.777 ; gain = 118.504 ; free physical = 14368 ; free virtual = 26650
---------------------------------------------------------------------------------
---------------------------------------------------------------------------------
Start Applying 'set_property' XDC Constraints
---------------------------------------------------------------------------------
Applied set_property KEEP_HIERARCHY = SOFT for inst. (constraint file  /home/aaronnanas/vivado_projects/ece524_final_proj/telemetry_bot_top/telemetry_bot_top.runs/telemetry_bot_processing_system7_0_0_synth_1/dont_touch.xdc, line 9).
---------------------------------------------------------------------------------
Finished applying 'set_property' XDC Constraints : Time (s): cpu = 00:00:07 ; elapsed = 00:00:08 . Memory (MB): peak = 2505.777 ; gain = 118.504 ; free physical = 14360 ; free virtual = 26643
---------------------------------------------------------------------------------
---------------------------------------------------------------------------------
Finished RTL Optimization Phase 2 : Time (s): cpu = 00:00:07 ; elapsed = 00:00:08 . Memory (MB): peak = 2505.777 ; gain = 118.504 ; free physical = 14359 ; free virtual = 26640
---------------------------------------------------------------------------------
---------------------------------------------------------------------------------
Start RTL Component Statistics 
---------------------------------------------------------------------------------
Detailed RTL Component Info : 
---------------------------------------------------------------------------------
Finished RTL Component Statistics 
---------------------------------------------------------------------------------
---------------------------------------------------------------------------------
Start Part Resource Summary
---------------------------------------------------------------------------------
Part Resources:
DSPs: 220 (col length:60)
BRAMs: 280 (col length: RAMB18 60 RAMB36 30)
---------------------------------------------------------------------------------
Finished Part Resource Summary
---------------------------------------------------------------------------------
---------------------------------------------------------------------------------
Start Cross Boundary and Area Optimization
---------------------------------------------------------------------------------
---------------------------------------------------------------------------------
Finished Cross Boundary and Area Optimization : Time (s): cpu = 00:00:08 ; elapsed = 00:00:09 . Memory (MB): peak = 2505.777 ; gain = 118.504 ; free physical = 14377 ; free virtual = 26659
---------------------------------------------------------------------------------
---------------------------------------------------------------------------------
Start Applying XDC Timing Constraints
---------------------------------------------------------------------------------
---------------------------------------------------------------------------------
Finished Applying XDC Timing Constraints : Time (s): cpu = 00:00:11 ; elapsed = 00:00:12 . Memory (MB): peak = 2635.762 ; gain = 248.488 ; free physical = 14201 ; free virtual = 26481
---------------------------------------------------------------------------------
---------------------------------------------------------------------------------
Start Timing Optimization
---------------------------------------------------------------------------------
---------------------------------------------------------------------------------
Finished Timing Optimization : Time (s): cpu = 00:00:11 ; elapsed = 00:00:12 . Memory (MB): peak = 2655.770 ; gain = 268.496 ; free physical = 14188 ; free virtual = 26468
---------------------------------------------------------------------------------
---------------------------------------------------------------------------------
Start Technology Mapping
---------------------------------------------------------------------------------
---------------------------------------------------------------------------------
Finished Technology Mapping : Time (s): cpu = 00:00:11 ; elapsed = 00:00:12 . Memory (MB): peak = 2666.793 ; gain = 279.520 ; free physical = 14186 ; free virtual = 26466
---------------------------------------------------------------------------------
---------------------------------------------------------------------------------
Start IO Insertion
---------------------------------------------------------------------------------
---------------------------------------------------------------------------------
Start Flattening Before IO Insertion
---------------------------------------------------------------------------------
---------------------------------------------------------------------------------
Finished Flattening Before IO Insertion
---------------------------------------------------------------------------------
---------------------------------------------------------------------------------
Start Final Netlist Cleanup
---------------------------------------------------------------------------------
---------------------------------------------------------------------------------
Finished Final Netlist Cleanup
---------------------------------------------------------------------------------
---------------------------------------------------------------------------------
Finished IO Insertion : Time (s): cpu = 00:00:13 ; elapsed = 00:00:14 . Memory (MB): peak = 2672.730 ; gain = 285.457 ; free physical = 14227 ; free virtual = 26533
---------------------------------------------------------------------------------
---------------------------------------------------------------------------------
Start Renaming Generated Instances
---------------------------------------------------------------------------------
---------------------------------------------------------------------------------
Finished Renaming Generated Instances : Time (s): cpu = 00:00:13 ; elapsed = 00:00:14 . Memory (MB): peak = 2672.730 ; gain = 285.457 ; free physical = 14226 ; free virtual = 26533
---------------------------------------------------------------------------------
---------------------------------------------------------------------------------
Start Rebuilding User Hierarchy
---------------------------------------------------------------------------------
---------------------------------------------------------------------------------
Finished Rebuilding User Hierarchy : Time (s): cpu = 00:00:13 ; elapsed = 00:00:14 . Memory (MB): peak = 2672.730 ; gain = 285.457 ; free physical = 14226 ; free virtual = 26533
---------------------------------------------------------------------------------
---------------------------------------------------------------------------------
Start Renaming Generated Ports
---------------------------------------------------------------------------------
---------------------------------------------------------------------------------
Finished Renaming Generated Ports : Time (s): cpu = 00:00:13 ; elapsed = 00:00:14 . Memory (MB): peak = 2672.730 ; gain = 285.457 ; free physical = 14226 ; free virtual = 26533
---------------------------------------------------------------------------------
---------------------------------------------------------------------------------
Start Handling Custom Attributes
---------------------------------------------------------------------------------
---------------------------------------------------------------------------------
Finished Handling Custom Attributes : Time (s): cpu = 00:00:13 ; elapsed = 00:00:14 . Memory (MB): peak = 2672.730 ; gain = 285.457 ; free physical = 14226 ; free virtual = 26533
---------------------------------------------------------------------------------
---------------------------------------------------------------------------------
Start Renaming Generated Nets
---------------------------------------------------------------------------------
---------------------------------------------------------------------------------
Finished Renaming Generated Nets : Time (s): cpu = 00:00:13 ; elapsed = 00:00:14 . Memory (MB): peak = 2672.730 ; gain = 285.457 ; free physical = 14226 ; free virtual = 26533
---------------------------------------------------------------------------------
---------------------------------------------------------------------------------
Start Writing Synthesis Report
---------------------------------------------------------------------------------

Report BlackBoxes: 
+-+--------------+----------+
| |BlackBox name |Instances |
+-+--------------+----------+
+-+--------------+----------+

Report Cell Usage: 
+------+------+------+
|      |Cell  |Count |
+------+------+------+
|1     |BIBUF |   130|
|2     |BUFG  |     1|
|3     |LUT1  |    24|
|4     |PS7   |     1|
+------+------+------+
---------------------------------------------------------------------------------
Finished Writing Synthesis Report : Time (s): cpu = 00:00:13 ; elapsed = 00:00:14 . Memory (MB): peak = 2672.730 ; gain = 285.457 ; free physical = 14226 ; free virtual = 26533
---------------------------------------------------------------------------------
Synthesis finished with 0 errors, 0 critical warnings and 0 warnings.
Synthesis Optimization Runtime : Time (s): cpu = 00:00:12 ; elapsed = 00:00:13 . Memory (MB): peak = 2672.730 ; gain = 192.676 ; free physical = 14281 ; free virtual = 26588
Synthesis Optimization Complete : Time (s): cpu = 00:00:13 ; elapsed = 00:00:14 . Memory (MB): peak = 2672.738 ; gain = 285.457 ; free physical = 14281 ; free virtual = 26588
INFO: [Project 1-571] Translating synthesized netlist
Netlist sorting complete. Time (s): cpu = 00:00:00.01 ; elapsed = 00:00:00.01 . Memory (MB): peak = 2672.738 ; gain = 0.000 ; free physical = 14365 ; free virtual = 26672
INFO: [Project 1-570] Preparing netlist for logic optimization
INFO: [Opt 31-138] Pushed 0 inverter(s) to 0 load pin(s).
Netlist sorting complete. Time (s): cpu = 00:00:00 ; elapsed = 00:00:00 . Memory (MB): peak = 2683.637 ; gain = 0.000 ; free physical = 14292 ; free virtual = 26599
INFO: [Project 1-111] Unisim Transformation Summary:
No Unisim elements were transformed.

INFO: [Common 17-83] Releasing license: Synthesis
23 Infos, 14 Warnings, 0 Critical Warnings and 0 Errors encountered.
synth_design completed successfully
synth_design: Time (s): cpu = 00:00:19 ; elapsed = 00:00:17 . Memory (MB): peak = 2683.637 ; gain = 296.484 ; free physical = 14573 ; free virtual = 26879
INFO: [Common 17-1381] The checkpoint '/home/aaronnanas/vivado_projects/ece524_final_proj/telemetry_bot_top/telemetry_bot_top.runs/telemetry_bot_processing_system7_0_0_synth_1/telemetry_bot_processing_system7_0_0.dcp' has been generated.
WARNING: [Common 17-576] 'use_project_ipc' is deprecated. This option is deprecated and no longer used.
INFO: [Coretcl 2-1648] Added synthesis output to IP cache for IP telemetry_bot_processing_system7_0_0, cache-ID = 6b4149b6c5a389f4
INFO: [Common 17-1381] The checkpoint '/home/aaronnanas/vivado_projects/ece524_final_proj/telemetry_bot_top/telemetry_bot_top.runs/telemetry_bot_processing_system7_0_0_synth_1/telemetry_bot_processing_system7_0_0.dcp' has been generated.
INFO: [runtcl-4] Executing : report_utilization -file telemetry_bot_processing_system7_0_0_utilization_synth.rpt -pb telemetry_bot_processing_system7_0_0_utilization_synth.pb
INFO: [Common 17-206] Exiting Vivado at Tue Dec  7 01:05:13 2021...
